Started GET "/" for 127.0.0.1 at 2024-08-30 21:42:14 +0530
Processing by HomeController#home as HTML
  Rendering layout layouts/application.html.erb
  Rendering home/home.html.erb within layouts/application
  Rendered home/home.html.erb within layouts/application (Duration: 1.2ms | GC: 0.0ms)
  Rendered home/_header.html.erb (Duration: 0.1ms | GC: 0.0ms)
  Rendered layout layouts/application.html.erb (Duration: 15.1ms | GC: 5.9ms)
Completed 200 OK in 17ms (Views: 16.1ms | ActiveRecord: 0.0ms (0 queries, 0 cached) | GC: 5.9ms)


Started GET "/manifest.json" for 127.0.0.1 at 2024-08-30 21:42:14 +0530
Processing by Rails::PwaController#manifest as JSON
  Rendering pwa/manifest.json.erb
  Rendered pwa/manifest.json.erb (Duration: 0.2ms | GC: 0.0ms)
Completed 200 OK in 2ms (Views: 1.5ms | ActiveRecord: 0.0ms (0 queries, 0 cached) | GC: 0.5ms)


Started POST "/upload" for 127.0.0.1 at 2024-08-30 21:42:18 +0530
Processing by HomeController#upload as TURBO_STREAM
  Parameters: {"authenticity_token"=>"[FILTERED]", "file"=>#<ActionDispatch::Http::UploadedFile:0x0000000127112df8 @tempfile=#<Tempfile:/var/folders/_4/t5hccfm9733214w9sh8tl9q40000gn/T/RackMultipart20240830-28230-dmql3q.png>, @content_type="image/png", @original_filename="Screenshot 2024-08-30 at 20.04.52.png", @headers="Content-Disposition: form-data; name=\"file\"; filename=\"Screenshot 2024-08-30 at 20.04.52.png\"\r\nContent-Type: image/png\r\n">, "commit"=>"Upload"}
Upload action started
File successfully saved to /Users/nikhilkottoli/Desktop/SIH/public/uploads/Screenshot 2024-08-30 at 20.04.52.png
Running command: magick convert -density 300 '/Users/nikhilkottoli/Desktop/SIH/public/uploads/Screenshot 2024-08-30 at 20.04.52.png' -depth 8 -strip -background white -alpha off '/Users/nikhilkottoli/Desktop/SIH/public/uploads/output.tiff'
Convert command output: WARNING: The convert command is deprecated in IMv7, use "magick" instead of "convert" or "magick convert"


Running command: tesseract '/Users/nikhilkottoli/Desktop/SIH/public/uploads/output.tiff' '/Users/nikhilkottoli/Desktop/SIH/public/uploads/result' -l eng
Tesseract command output: 
Running filter script: /Users/nikhilkottoli/Desktop/SIH/venv/bin/python3 '/Users/nikhilkottoli/Desktop/SIH/public/uploads/filter.py'
Filter script output: English text has been extracted to 'english_output.txt'.

Running extract script: /Users/nikhilkottoli/Desktop/SIH/venv/bin/python3 '/Users/nikhilkottoli/Desktop/SIH/public/uploads/extract.py'
Extract script output: Output written to 'extracted_details.txt'

Running crop script: /Users/nikhilkottoli/Desktop/SIH/venv/bin/python3 '/Users/nikhilkottoli/Desktop/SIH/public/uploads/crop.py'
Crop script output: Content written to '/Users/nikhilkottoli/Desktop/SIH/public/uploads/output.json' until closing brace encountered.

Both scripts ran successfully.
Upload action ended
Redirected to http://127.0.0.1:3000/
Completed 302 Found in 8249ms (ActiveRecord: 0.0ms (0 queries, 0 cached) | GC: 0.0ms)


Started GET "/" for 127.0.0.1 at 2024-08-30 21:42:26 +0530
Processing by HomeController#home as TURBO_STREAM
  Rendering layout layouts/application.html.erb
  Rendering home/home.html.erb within layouts/application
  Rendered home/home.html.erb within layouts/application (Duration: 0.6ms | GC: 0.0ms)
  Rendered home/_header.html.erb (Duration: 0.0ms | GC: 0.0ms)
  Rendered layout layouts/application.html.erb (Duration: 1.4ms | GC: 0.0ms)
Completed 200 OK in 2ms (Views: 1.6ms | ActiveRecord: 0.0ms (0 queries, 0 cached) | GC: 0.0ms)


Started GET "/" for 127.0.0.1 at 2024-08-30 21:44:05 +0530
Processing by HomeController#home as HTML
  Rendering layout layouts/application.html.erb
  Rendering home/home.html.erb within layouts/application
  Rendered home/home.html.erb within layouts/application (Duration: 3.8ms | GC: 0.0ms)
  Rendered home/_header.html.erb (Duration: 0.1ms | GC: 0.0ms)
  Rendered layout layouts/application.html.erb (Duration: 7.1ms | GC: 0.0ms)
Completed 200 OK in 11ms (Views: 8.0ms | ActiveRecord: 0.0ms (0 queries, 0 cached) | GC: 0.0ms)


Started GET "/manifest.json" for 127.0.0.1 at 2024-08-30 21:44:05 +0530
Processing by Rails::PwaController#manifest as JSON
  Rendering pwa/manifest.json.erb
  Rendered pwa/manifest.json.erb (Duration: 0.1ms | GC: 0.0ms)
Completed 200 OK in 1ms (Views: 0.4ms | ActiveRecord: 0.0ms (0 queries, 0 cached) | GC: 0.0ms)


Started POST "/upload" for 127.0.0.1 at 2024-08-30 21:44:10 +0530
Processing by HomeController#upload as TURBO_STREAM
  Parameters: {"authenticity_token"=>"[FILTERED]", "file"=>#<ActionDispatch::Http::UploadedFile:0x00000001270529e0 @tempfile=#<Tempfile:/var/folders/_4/t5hccfm9733214w9sh8tl9q40000gn/T/RackMultipart20240830-28230-4m308c.png>, @content_type="image/png", @original_filename="Screenshot 2024-08-30 at 20.04.52.png", @headers="Content-Disposition: form-data; name=\"file\"; filename=\"Screenshot 2024-08-30 at 20.04.52.png\"\r\nContent-Type: image/png\r\n">, "commit"=>"Upload"}
Upload action started
File successfully saved to /Users/nikhilkottoli/Desktop/SIH/public/uploads/Screenshot 2024-08-30 at 20.04.52.png
Running command: magick convert -density 300 '/Users/nikhilkottoli/Desktop/SIH/public/uploads/Screenshot 2024-08-30 at 20.04.52.png' -depth 8 -strip -background white -alpha off '/Users/nikhilkottoli/Desktop/SIH/public/uploads/output.tiff'
Convert command output: WARNING: The convert command is deprecated in IMv7, use "magick" instead of "convert" or "magick convert"


Running command: tesseract '/Users/nikhilkottoli/Desktop/SIH/public/uploads/output.tiff' '/Users/nikhilkottoli/Desktop/SIH/public/uploads/result' -l eng
Tesseract command output: 
Running filter script: /Users/nikhilkottoli/Desktop/SIH/venv/bin/python3 '/Users/nikhilkottoli/Desktop/SIH/public/uploads/filter.py'
Filter script output: English text has been extracted to 'english_output.txt'.

Running extract script: /Users/nikhilkottoli/Desktop/SIH/venv/bin/python3 '/Users/nikhilkottoli/Desktop/SIH/public/uploads/extract.py'
Extract script output: Output written to 'extracted_details.txt'

Running crop script: /Users/nikhilkottoli/Desktop/SIH/venv/bin/python3 '/Users/nikhilkottoli/Desktop/SIH/public/uploads/crop.py'
Crop script output: Content written to '/Users/nikhilkottoli/Desktop/SIH/public/uploads/output.json' until closing brace encountered and cleaned.

Both scripts ran successfully.
Upload action ended
Redirected to http://127.0.0.1:3000/
Completed 302 Found in 9094ms (ActiveRecord: 0.0ms (0 queries, 0 cached) | GC: 0.0ms)


Started GET "/" for 127.0.0.1 at 2024-08-30 21:44:19 +0530
Processing by HomeController#home as TURBO_STREAM
  Rendering layout layouts/application.html.erb
  Rendering home/home.html.erb within layouts/application
  Rendered home/home.html.erb within layouts/application (Duration: 0.6ms | GC: 0.0ms)
  Rendered home/_header.html.erb (Duration: 0.0ms | GC: 0.0ms)
  Rendered layout layouts/application.html.erb (Duration: 1.5ms | GC: 0.0ms)
Completed 200 OK in 2ms (Views: 1.7ms | ActiveRecord: 0.0ms (0 queries, 0 cached) | GC: 0.0ms)


Started GET "/" for 127.0.0.1 at 2024-08-30 21:45:17 +0530
Processing by HomeController#home as HTML
  Rendering layout layouts/application.html.erb
  Rendering home/home.html.erb within layouts/application
  Rendered home/home.html.erb within layouts/application (Duration: 5.5ms | GC: 2.1ms)
  Rendered home/_header.html.erb (Duration: 0.0ms | GC: 0.0ms)
  Rendered layout layouts/application.html.erb (Duration: 8.8ms | GC: 2.1ms)
Completed 200 OK in 12ms (Views: 9.7ms | ActiveRecord: 0.0ms (0 queries, 0 cached) | GC: 2.1ms)


Started GET "/manifest.json" for 127.0.0.1 at 2024-08-30 21:45:17 +0530
Processing by Rails::PwaController#manifest as JSON
  Rendering pwa/manifest.json.erb
  Rendered pwa/manifest.json.erb (Duration: 0.1ms | GC: 0.0ms)
Completed 200 OK in 1ms (Views: 0.5ms | ActiveRecord: 0.0ms (0 queries, 0 cached) | GC: 0.0ms)


Started POST "/upload" for 127.0.0.1 at 2024-08-30 21:45:20 +0530
Processing by HomeController#upload as TURBO_STREAM
  Parameters: {"authenticity_token"=>"[FILTERED]", "file"=>#<ActionDispatch::Http::UploadedFile:0x0000000126d936c8 @tempfile=#<Tempfile:/var/folders/_4/t5hccfm9733214w9sh8tl9q40000gn/T/RackMultipart20240830-28230-clffqm.png>, @content_type="image/png", @original_filename="Screenshot 2024-08-30 at 20.04.52.png", @headers="Content-Disposition: form-data; name=\"file\"; filename=\"Screenshot 2024-08-30 at 20.04.52.png\"\r\nContent-Type: image/png\r\n">, "commit"=>"Upload"}
Upload action started
File successfully saved to /Users/nikhilkottoli/Desktop/SIH/public/uploads/Screenshot 2024-08-30 at 20.04.52.png
Running command: magick convert -density 300 '/Users/nikhilkottoli/Desktop/SIH/public/uploads/Screenshot 2024-08-30 at 20.04.52.png' -depth 8 -strip -background white -alpha off '/Users/nikhilkottoli/Desktop/SIH/public/uploads/output.tiff'
Convert command output: WARNING: The convert command is deprecated in IMv7, use "magick" instead of "convert" or "magick convert"


Running command: tesseract '/Users/nikhilkottoli/Desktop/SIH/public/uploads/output.tiff' '/Users/nikhilkottoli/Desktop/SIH/public/uploads/result' -l eng
Tesseract command output: 
Running filter script: /Users/nikhilkottoli/Desktop/SIH/venv/bin/python3 '/Users/nikhilkottoli/Desktop/SIH/public/uploads/filter.py'
Filter script output: English text has been extracted to 'english_output.txt'.

Running extract script: /Users/nikhilkottoli/Desktop/SIH/venv/bin/python3 '/Users/nikhilkottoli/Desktop/SIH/public/uploads/extract.py'
Extract script output: Output written to 'extracted_details.txt'

Running crop script: /Users/nikhilkottoli/Desktop/SIH/venv/bin/python3 '/Users/nikhilkottoli/Desktop/SIH/public/uploads/crop.py'
Crop script output: Content cleaned and written to '/Users/nikhilkottoli/Desktop/SIH/public/uploads/output.json'.

Both scripts ran successfully.
Upload action ended
Redirected to http://127.0.0.1:3000/
Completed 302 Found in 8956ms (ActiveRecord: 0.0ms (0 queries, 0 cached) | GC: 0.4ms)


Started GET "/" for 127.0.0.1 at 2024-08-30 21:45:29 +0530
Processing by HomeController#home as TURBO_STREAM
  Rendering layout layouts/application.html.erb
  Rendering home/home.html.erb within layouts/application
  Rendered home/home.html.erb within layouts/application (Duration: 0.6ms | GC: 0.0ms)
  Rendered home/_header.html.erb (Duration: 0.0ms | GC: 0.0ms)
  Rendered layout layouts/application.html.erb (Duration: 1.4ms | GC: 0.0ms)
Completed 200 OK in 2ms (Views: 1.6ms | ActiveRecord: 0.0ms (0 queries, 0 cached) | GC: 0.0ms)


Started GET "/" for 127.0.0.1 at 2024-08-30 21:46:30 +0530
Processing by HomeController#home as HTML
  Rendering layout layouts/application.html.erb
  Rendering home/home.html.erb within layouts/application
  Rendered home/home.html.erb within layouts/application (Duration: 3.0ms | GC: 0.0ms)
  Rendered home/_header.html.erb (Duration: 0.0ms | GC: 0.0ms)
  Rendered layout layouts/application.html.erb (Duration: 6.2ms | GC: 0.0ms)
Completed 200 OK in 9ms (Views: 6.9ms | ActiveRecord: 0.0ms (0 queries, 0 cached) | GC: 0.0ms)


Started GET "/manifest.json" for 127.0.0.1 at 2024-08-30 21:46:30 +0530
Processing by Rails::PwaController#manifest as JSON
  Rendering pwa/manifest.json.erb
  Rendered pwa/manifest.json.erb (Duration: 0.1ms | GC: 0.0ms)
Completed 200 OK in 1ms (Views: 0.3ms | ActiveRecord: 0.0ms (0 queries, 0 cached) | GC: 0.0ms)


Started POST "/upload" for 127.0.0.1 at 2024-08-30 21:46:35 +0530
Processing by HomeController#upload as TURBO_STREAM
  Parameters: {"authenticity_token"=>"[FILTERED]", "file"=>#<ActionDispatch::Http::UploadedFile:0x0000000123e14668 @tempfile=#<Tempfile:/var/folders/_4/t5hccfm9733214w9sh8tl9q40000gn/T/RackMultipart20240830-28230-ol41hn.png>, @content_type="image/png", @original_filename="Screenshot 2024-08-30 at 20.04.52.png", @headers="Content-Disposition: form-data; name=\"file\"; filename=\"Screenshot 2024-08-30 at 20.04.52.png\"\r\nContent-Type: image/png\r\n">, "commit"=>"Upload"}
Upload action started
File successfully saved to /Users/nikhilkottoli/Desktop/SIH/public/uploads/Screenshot 2024-08-30 at 20.04.52.png
Running command: magick convert -density 300 '/Users/nikhilkottoli/Desktop/SIH/public/uploads/Screenshot 2024-08-30 at 20.04.52.png' -depth 8 -strip -background white -alpha off '/Users/nikhilkottoli/Desktop/SIH/public/uploads/output.tiff'
Convert command output: WARNING: The convert command is deprecated in IMv7, use "magick" instead of "convert" or "magick convert"


Running command: tesseract '/Users/nikhilkottoli/Desktop/SIH/public/uploads/output.tiff' '/Users/nikhilkottoli/Desktop/SIH/public/uploads/result' -l eng
Tesseract command output: 
Running filter script: /Users/nikhilkottoli/Desktop/SIH/venv/bin/python3 '/Users/nikhilkottoli/Desktop/SIH/public/uploads/filter.py'
Filter script output: English text has been extracted to 'english_output.txt'.

Running extract script: /Users/nikhilkottoli/Desktop/SIH/venv/bin/python3 '/Users/nikhilkottoli/Desktop/SIH/public/uploads/extract.py'
Extract script output: Output written to 'extracted_details.txt'

Running crop script: /Users/nikhilkottoli/Desktop/SIH/venv/bin/python3 '/Users/nikhilkottoli/Desktop/SIH/public/uploads/crop.py'
Crop script output: Content cleaned and written to '/Users/nikhilkottoli/Desktop/SIH/output.json'.

Both scripts ran successfully.
Upload action ended
Redirected to http://127.0.0.1:3000/
Completed 302 Found in 9075ms (ActiveRecord: 0.0ms (0 queries, 0 cached) | GC: 0.0ms)


Started GET "/" for 127.0.0.1 at 2024-08-30 21:46:44 +0530
Processing by HomeController#home as TURBO_STREAM
  Rendering layout layouts/application.html.erb
  Rendering home/home.html.erb within layouts/application
  Rendered home/home.html.erb within layouts/application (Duration: 0.6ms | GC: 0.0ms)
  Rendered home/_header.html.erb (Duration: 0.0ms | GC: 0.0ms)
  Rendered layout layouts/application.html.erb (Duration: 1.5ms | GC: 0.0ms)
Completed 200 OK in 2ms (Views: 1.7ms | ActiveRecord: 0.0ms (0 queries, 0 cached) | GC: 0.0ms)


Started GET "/" for 127.0.0.1 at 2024-08-30 21:47:36 +0530
Processing by HomeController#home as HTML
  Rendering layout layouts/application.html.erb
  Rendering home/home.html.erb within layouts/application
  Rendered home/home.html.erb within layouts/application (Duration: 4.3ms | GC: 0.0ms)
  Rendered home/_header.html.erb (Duration: 0.1ms | GC: 0.0ms)
  Rendered layout layouts/application.html.erb (Duration: 8.3ms | GC: 0.0ms)
Completed 200 OK in 11ms (Views: 9.2ms | ActiveRecord: 0.0ms (0 queries, 0 cached) | GC: 0.0ms)


Started GET "/manifest.json" for 127.0.0.1 at 2024-08-30 21:47:36 +0530
Processing by Rails::PwaController#manifest as JSON
  Rendering pwa/manifest.json.erb
  Rendered pwa/manifest.json.erb (Duration: 0.1ms | GC: 0.0ms)
Completed 200 OK in 1ms (Views: 0.3ms | ActiveRecord: 0.0ms (0 queries, 0 cached) | GC: 0.0ms)


Started POST "/upload" for 127.0.0.1 at 2024-08-30 21:47:42 +0530
Processing by HomeController#upload as TURBO_STREAM
  Parameters: {"authenticity_token"=>"[FILTERED]", "file"=>#<ActionDispatch::Http::UploadedFile:0x000000012721caf0 @tempfile=#<Tempfile:/var/folders/_4/t5hccfm9733214w9sh8tl9q40000gn/T/RackMultipart20240830-28230-aapmim.png>, @content_type="image/png", @original_filename="Screenshot 2024-08-30 at 20.04.52.png", @headers="Content-Disposition: form-data; name=\"file\"; filename=\"Screenshot 2024-08-30 at 20.04.52.png\"\r\nContent-Type: image/png\r\n">, "commit"=>"Upload"}
Upload action started
File successfully saved to /Users/nikhilkottoli/Desktop/SIH/public/uploads/Screenshot 2024-08-30 at 20.04.52.png
Running command: magick convert -density 300 '/Users/nikhilkottoli/Desktop/SIH/public/uploads/Screenshot 2024-08-30 at 20.04.52.png' -depth 8 -strip -background white -alpha off '/Users/nikhilkottoli/Desktop/SIH/public/uploads/output.tiff'
Convert command output: WARNING: The convert command is deprecated in IMv7, use "magick" instead of "convert" or "magick convert"


Running command: tesseract '/Users/nikhilkottoli/Desktop/SIH/public/uploads/output.tiff' '/Users/nikhilkottoli/Desktop/SIH/public/uploads/result' -l eng
Tesseract command output: 
Running filter script: /Users/nikhilkottoli/Desktop/SIH/venv/bin/python3 '/Users/nikhilkottoli/Desktop/SIH/public/uploads/filter.py'
Filter script output: English text has been extracted to 'english_output.txt'.

Running extract script: /Users/nikhilkottoli/Desktop/SIH/venv/bin/python3 '/Users/nikhilkottoli/Desktop/SIH/public/uploads/extract.py'
Extract script output: Output written to 'extracted_details.txt'

Running crop script: /Users/nikhilkottoli/Desktop/SIH/venv/bin/python3 '/Users/nikhilkottoli/Desktop/SIH/public/uploads/crop.py'
Crop script output: Content cleaned and written to '/Users/nikhilkottoli/Desktop/SIH/public/output.json'.

Both scripts ran successfully.
Upload action ended
Redirected to http://127.0.0.1:3000/
Completed 302 Found in 8046ms (ActiveRecord: 0.0ms (0 queries, 0 cached) | GC: 0.0ms)


Started GET "/" for 127.0.0.1 at 2024-08-30 21:47:50 +0530
Processing by HomeController#home as TURBO_STREAM
  Rendering layout layouts/application.html.erb
  Rendering home/home.html.erb within layouts/application
  Rendered home/home.html.erb within layouts/application (Duration: 0.6ms | GC: 0.0ms)
  Rendered home/_header.html.erb (Duration: 0.0ms | GC: 0.0ms)
  Rendered layout layouts/application.html.erb (Duration: 1.5ms | GC: 0.0ms)
Completed 200 OK in 2ms (Views: 1.7ms | ActiveRecord: 0.0ms (0 queries, 0 cached) | GC: 0.0ms)


Started GET "/data" for 127.0.0.1 at 2024-08-30 21:51:32 +0530
Processing by HomeController#data as HTML
  Rendering layout layouts/application.html.erb
  Rendering home/data.html.erb within layouts/application
  Rendered home/data.html.erb within layouts/application (Duration: 0.2ms | GC: 0.0ms)
  Rendered home/_header.html.erb (Duration: 0.1ms | GC: 0.0ms)
  Rendered layout layouts/application.html.erb (Duration: 9.1ms | GC: 1.1ms)
Completed 200 OK in 11ms (Views: 10.4ms | ActiveRecord: 0.0ms (0 queries, 0 cached) | GC: 1.5ms)


Started GET "/public/output.json" for 127.0.0.1 at 2024-08-30 21:51:32 +0530
  
ActionController::RoutingError (No route matches [GET] "/public/output.json"):
  
Started GET "/data" for 127.0.0.1 at 2024-08-30 21:51:33 +0530
Processing by HomeController#data as HTML
  Rendering layout layouts/application.html.erb
  Rendering home/data.html.erb within layouts/application
  Rendered home/data.html.erb within layouts/application (Duration: 0.1ms | GC: 0.0ms)
  Rendered home/_header.html.erb (Duration: 0.0ms | GC: 0.0ms)
  Rendered layout layouts/application.html.erb (Duration: 4.2ms | GC: 0.0ms)
Completed 200 OK in 6ms (Views: 4.7ms | ActiveRecord: 0.0ms (0 queries, 0 cached) | GC: 0.2ms)


Started GET "/public/output.json" for 127.0.0.1 at 2024-08-30 21:51:33 +0530
  
ActionController::RoutingError (No route matches [GET] "/public/output.json"):
  
Started GET "/manifest.json" for 127.0.0.1 at 2024-08-30 21:51:34 +0530
Processing by Rails::PwaController#manifest as JSON
  Rendering pwa/manifest.json.erb
  Rendered pwa/manifest.json.erb (Duration: 0.1ms | GC: 0.0ms)
Completed 200 OK in 1ms (Views: 0.9ms | ActiveRecord: 0.0ms (0 queries, 0 cached) | GC: 0.0ms)


Started GET "/" for 127.0.0.1 at 2024-08-30 21:51:36 +0530
Processing by HomeController#home as HTML
  Rendering layout layouts/application.html.erb
  Rendering home/home.html.erb within layouts/application
  Rendered home/home.html.erb within layouts/application (Duration: 3.0ms | GC: 0.0ms)
  Rendered home/_header.html.erb (Duration: 0.1ms | GC: 0.0ms)
  Rendered layout layouts/application.html.erb (Duration: 6.2ms | GC: 0.0ms)
Completed 200 OK in 8ms (Views: 6.8ms | ActiveRecord: 0.0ms (0 queries, 0 cached) | GC: 0.0ms)


Started POST "/upload" for 127.0.0.1 at 2024-08-30 21:51:41 +0530
Processing by HomeController#upload as TURBO_STREAM
  Parameters: {"authenticity_token"=>"[FILTERED]", "file"=>#<ActionDispatch::Http::UploadedFile:0x0000000127050c80 @tempfile=#<Tempfile:/var/folders/_4/t5hccfm9733214w9sh8tl9q40000gn/T/RackMultipart20240830-28230-uso6oh.png>, @content_type="image/png", @original_filename="Screenshot 2024-08-30 at 20.04.52.png", @headers="Content-Disposition: form-data; name=\"file\"; filename=\"Screenshot 2024-08-30 at 20.04.52.png\"\r\nContent-Type: image/png\r\n">, "commit"=>"Upload"}
Upload action started
File successfully saved to /Users/nikhilkottoli/Desktop/SIH/public/uploads/Screenshot 2024-08-30 at 20.04.52.png
Running command: magick convert -density 300 '/Users/nikhilkottoli/Desktop/SIH/public/uploads/Screenshot 2024-08-30 at 20.04.52.png' -depth 8 -strip -background white -alpha off '/Users/nikhilkottoli/Desktop/SIH/public/uploads/output.tiff'
Convert command output: WARNING: The convert command is deprecated in IMv7, use "magick" instead of "convert" or "magick convert"


Running command: tesseract '/Users/nikhilkottoli/Desktop/SIH/public/uploads/output.tiff' '/Users/nikhilkottoli/Desktop/SIH/public/uploads/result' -l eng
Tesseract command output: 
Running filter script: /Users/nikhilkottoli/Desktop/SIH/venv/bin/python3 '/Users/nikhilkottoli/Desktop/SIH/public/uploads/filter.py'
Filter script output: English text has been extracted to 'english_output.txt'.

Running extract script: /Users/nikhilkottoli/Desktop/SIH/venv/bin/python3 '/Users/nikhilkottoli/Desktop/SIH/public/uploads/extract.py'
Extract script output: Output written to 'extracted_details.txt'

Running crop script: /Users/nikhilkottoli/Desktop/SIH/venv/bin/python3 '/Users/nikhilkottoli/Desktop/SIH/public/uploads/crop.py'
Crop script output: Content cleaned and written to '/Users/nikhilkottoli/Desktop/SIH/public/output.json'.

Both scripts ran successfully.
Upload action ended
Redirected to http://127.0.0.1:3000/
Completed 302 Found in 8189ms (ActiveRecord: 0.0ms (0 queries, 0 cached) | GC: 0.0ms)


Started GET "/" for 127.0.0.1 at 2024-08-30 21:51:50 +0530
Processing by HomeController#home as TURBO_STREAM
  Rendering layout layouts/application.html.erb
  Rendering home/home.html.erb within layouts/application
  Rendered home/home.html.erb within layouts/application (Duration: 0.5ms | GC: 0.0ms)
  Rendered home/_header.html.erb (Duration: 0.0ms | GC: 0.0ms)
  Rendered layout layouts/application.html.erb (Duration: 1.3ms | GC: 0.0ms)
Completed 200 OK in 2ms (Views: 1.5ms | ActiveRecord: 0.0ms (0 queries, 0 cached) | GC: 0.0ms)


Started GET "/data" for 127.0.0.1 at 2024-08-30 21:51:52 +0530
Processing by HomeController#data as HTML
  Rendering layout layouts/application.html.erb
  Rendering home/data.html.erb within layouts/application
  Rendered home/data.html.erb within layouts/application (Duration: 0.2ms | GC: 0.0ms)
  Rendered home/_header.html.erb (Duration: 0.0ms | GC: 0.0ms)
  Rendered layout layouts/application.html.erb (Duration: 4.1ms | GC: 0.0ms)
Completed 200 OK in 7ms (Views: 4.7ms | ActiveRecord: 0.0ms (0 queries, 0 cached) | GC: 1.0ms)


Started GET "/public/output.json" for 127.0.0.1 at 2024-08-30 21:51:52 +0530
  
ActionController::RoutingError (No route matches [GET] "/public/output.json"):
  
Started GET "/data" for 127.0.0.1 at 2024-08-30 21:51:54 +0530
Processing by HomeController#data as HTML
  Rendering layout layouts/application.html.erb
  Rendering home/data.html.erb within layouts/application
  Rendered home/data.html.erb within layouts/application (Duration: 0.2ms | GC: 0.0ms)
  Rendered home/_header.html.erb (Duration: 0.0ms | GC: 0.0ms)
  Rendered layout layouts/application.html.erb (Duration: 5.0ms | GC: 1.0ms)
Completed 200 OK in 7ms (Views: 5.7ms | ActiveRecord: 0.0ms (0 queries, 0 cached) | GC: 1.1ms)


Started GET "/public/output.json" for 127.0.0.1 at 2024-08-30 21:51:54 +0530
  
ActionController::RoutingError (No route matches [GET] "/public/output.json"):
  
Started GET "/manifest.json" for 127.0.0.1 at 2024-08-30 21:51:54 +0530
Processing by Rails::PwaController#manifest as JSON
  Rendering pwa/manifest.json.erb
  Rendered pwa/manifest.json.erb (Duration: 0.0ms | GC: 0.0ms)
Completed 200 OK in 0ms (Views: 0.2ms | ActiveRecord: 0.0ms (0 queries, 0 cached) | GC: 0.0ms)


Started GET "/data" for 127.0.0.1 at 2024-08-30 21:53:54 +0530
Processing by HomeController#data as HTML
  Rendering layout layouts/application.html.erb
  Rendering home/data.html.erb within layouts/application
  Rendered home/data.html.erb within layouts/application (Duration: 0.3ms | GC: 0.0ms)
  Rendered home/_header.html.erb (Duration: 0.1ms | GC: 0.0ms)
  Rendered layout layouts/application.html.erb (Duration: 16.3ms | GC: 6.6ms)
Completed 200 OK in 18ms (Views: 17.2ms | ActiveRecord: 0.0ms (0 queries, 0 cached) | GC: 6.6ms)


Started GET "/public/output.json" for 127.0.0.1 at 2024-08-30 21:53:54 +0530
  
ActionController::RoutingError (No route matches [GET] "/public/output.json"):
  
Started GET "/manifest.json" for 127.0.0.1 at 2024-08-30 21:53:54 +0530
Processing by Rails::PwaController#manifest as JSON
  Rendering pwa/manifest.json.erb
  Rendered pwa/manifest.json.erb (Duration: 0.2ms | GC: 0.0ms)
Completed 200 OK in 1ms (Views: 1.0ms | ActiveRecord: 0.0ms (0 queries, 0 cached) | GC: 0.0ms)


Started GET "/" for 127.0.0.1 at 2024-08-30 21:53:55 +0530
Processing by HomeController#home as HTML
  Rendering layout layouts/application.html.erb
  Rendering home/home.html.erb within layouts/application
  Rendered home/home.html.erb within layouts/application (Duration: 3.2ms | GC: 0.0ms)
  Rendered home/_header.html.erb (Duration: 0.0ms | GC: 0.0ms)
  Rendered layout layouts/application.html.erb (Duration: 6.5ms | GC: 0.4ms)
Completed 200 OK in 9ms (Views: 7.1ms | ActiveRecord: 0.0ms (0 queries, 0 cached) | GC: 0.4ms)


Started GET "/data" for 127.0.0.1 at 2024-08-30 21:53:56 +0530
Processing by HomeController#data as HTML
  Rendering layout layouts/application.html.erb
  Rendering home/data.html.erb within layouts/application
  Rendered home/data.html.erb within layouts/application (Duration: 0.1ms | GC: 0.0ms)
  Rendered home/_header.html.erb (Duration: 0.0ms | GC: 0.0ms)
  Rendered layout layouts/application.html.erb (Duration: 2.3ms | GC: 0.0ms)
Completed 200 OK in 3ms (Views: 2.6ms | ActiveRecord: 0.0ms (0 queries, 0 cached) | GC: 0.0ms)


Started GET "/public/output.json" for 127.0.0.1 at 2024-08-30 21:53:56 +0530
  
ActionController::RoutingError (No route matches [GET] "/public/output.json"):
  
Started GET "/public/output.json" for 127.0.0.1 at 2024-08-30 21:53:56 +0530
  
ActionController::RoutingError (No route matches [GET] "/public/output.json"):
  
Started GET "/data" for 127.0.0.1 at 2024-08-30 21:53:57 +0530
Processing by HomeController#data as HTML
  Rendering layout layouts/application.html.erb
  Rendering home/data.html.erb within layouts/application
  Rendered home/data.html.erb within layouts/application (Duration: 0.2ms | GC: 0.0ms)
  Rendered home/_header.html.erb (Duration: 0.0ms | GC: 0.0ms)
  Rendered layout layouts/application.html.erb (Duration: 3.3ms | GC: 0.0ms)
Completed 200 OK in 5ms (Views: 3.8ms | ActiveRecord: 0.0ms (0 queries, 0 cached) | GC: 0.0ms)


Started GET "/public/output.json" for 127.0.0.1 at 2024-08-30 21:53:57 +0530
  
ActionController::RoutingError (No route matches [GET] "/public/output.json"):
  
Started GET "/manifest.json" for 127.0.0.1 at 2024-08-30 21:53:57 +0530
Processing by Rails::PwaController#manifest as JSON
  Rendering pwa/manifest.json.erb
  Rendered pwa/manifest.json.erb (Duration: 0.1ms | GC: 0.0ms)
Completed 200 OK in 0ms (Views: 0.2ms | ActiveRecord: 0.0ms (0 queries, 0 cached) | GC: 0.0ms)


Started GET "/data" for 127.0.0.1 at 2024-08-30 21:54:23 +0530
Processing by HomeController#data as HTML
  Rendering layout layouts/application.html.erb
  Rendering home/data.html.erb within layouts/application
  Rendered home/data.html.erb within layouts/application (Duration: 0.1ms | GC: 0.0ms)
  Rendered home/_header.html.erb (Duration: 0.0ms | GC: 0.0ms)
  Rendered layout layouts/application.html.erb (Duration: 4.0ms | GC: 0.4ms)
Completed 200 OK in 6ms (Views: 4.4ms | ActiveRecord: 0.0ms (0 queries, 0 cached) | GC: 0.4ms)


Started GET "/public/output.json" for 127.0.0.1 at 2024-08-30 21:54:24 +0530
  
ActionController::RoutingError (No route matches [GET] "/public/output.json"):
  
Started GET "/manifest.json" for 127.0.0.1 at 2024-08-30 21:54:24 +0530
Processing by Rails::PwaController#manifest as JSON
  Rendering pwa/manifest.json.erb
  Rendered pwa/manifest.json.erb (Duration: 0.1ms | GC: 0.0ms)
Completed 200 OK in 2ms (Views: 1.4ms | ActiveRecord: 0.0ms (0 queries, 0 cached) | GC: 0.0ms)


Started GET "/data" for 127.0.0.1 at 2024-08-30 21:55:09 +0530
Processing by HomeController#data as HTML
  Rendering layout layouts/application.html.erb
  Rendering home/data.html.erb within layouts/application
  Rendered home/data.html.erb within layouts/application (Duration: 0.2ms | GC: 0.0ms)
  Rendered home/_header.html.erb (Duration: 0.1ms | GC: 0.0ms)
  Rendered layout layouts/application.html.erb (Duration: 9.6ms | GC: 0.0ms)
Completed 200 OK in 11ms (Views: 10.5ms | ActiveRecord: 0.0ms (0 queries, 0 cached) | GC: 0.0ms)


Started GET "/manifest.json" for 127.0.0.1 at 2024-08-30 21:55:09 +0530
Processing by Rails::PwaController#manifest as JSON
  Rendering pwa/manifest.json.erb
  Rendered pwa/manifest.json.erb (Duration: 0.5ms | GC: 0.0ms)
Completed 200 OK in 2ms (Views: 1.5ms | ActiveRecord: 0.0ms (0 queries, 0 cached) | GC: 0.0ms)


Started GET "/" for 127.0.0.1 at 2024-08-30 21:55:18 +0530
Processing by HomeController#home as HTML
  Rendering layout layouts/application.html.erb
  Rendering home/home.html.erb within layouts/application
  Rendered home/home.html.erb within layouts/application (Duration: 1.3ms | GC: 0.0ms)
  Rendered home/_header.html.erb (Duration: 0.1ms | GC: 0.0ms)
  Rendered layout layouts/application.html.erb (Duration: 10.1ms | GC: 0.9ms)
Completed 200 OK in 11ms (Views: 11.0ms | ActiveRecord: 0.0ms (0 queries, 0 cached) | GC: 0.9ms)


Started POST "/upload" for 127.0.0.1 at 2024-08-30 21:55:53 +0530
Processing by HomeController#upload as TURBO_STREAM
  Parameters: {"authenticity_token"=>"[FILTERED]", "file"=>#<ActionDispatch::Http::UploadedFile:0x0000000127312a40 @tempfile=#<Tempfile:/var/folders/_4/t5hccfm9733214w9sh8tl9q40000gn/T/RackMultipart20240830-28230-5tr153.png>, @content_type="image/png", @original_filename="Screenshot 2024-08-30 at 21.55.42.png", @headers="Content-Disposition: form-data; name=\"file\"; filename=\"Screenshot 2024-08-30 at 21.55.42.png\"\r\nContent-Type: image/png\r\n">, "commit"=>"Upload"}
Upload action started
File successfully saved to /Users/nikhilkottoli/Desktop/SIH/public/uploads/Screenshot 2024-08-30 at 21.55.42.png
Running command: magick convert -density 300 '/Users/nikhilkottoli/Desktop/SIH/public/uploads/Screenshot 2024-08-30 at 21.55.42.png' -depth 8 -strip -background white -alpha off '/Users/nikhilkottoli/Desktop/SIH/public/uploads/output.tiff'
Convert command output: WARNING: The convert command is deprecated in IMv7, use "magick" instead of "convert" or "magick convert"


Running command: tesseract '/Users/nikhilkottoli/Desktop/SIH/public/uploads/output.tiff' '/Users/nikhilkottoli/Desktop/SIH/public/uploads/result' -l eng
Tesseract command output: Detected 72 diacritics

Running filter script: /Users/nikhilkottoli/Desktop/SIH/venv/bin/python3 '/Users/nikhilkottoli/Desktop/SIH/public/uploads/filter.py'
Filter script output: English text has been extracted to 'english_output.txt'.

Running extract script: /Users/nikhilkottoli/Desktop/SIH/venv/bin/python3 '/Users/nikhilkottoli/Desktop/SIH/public/uploads/extract.py'
Extract script output: Output written to 'extracted_details.txt'

Running crop script: /Users/nikhilkottoli/Desktop/SIH/venv/bin/python3 '/Users/nikhilkottoli/Desktop/SIH/public/uploads/crop.py'
Crop script output: Content cleaned and written to '/Users/nikhilkottoli/Desktop/SIH/public/output.json'.

Both scripts ran successfully.
Upload action ended
Redirected to http://127.0.0.1:3000/
Completed 302 Found in 8057ms (ActiveRecord: 0.0ms (0 queries, 0 cached) | GC: 0.0ms)


Started GET "/" for 127.0.0.1 at 2024-08-30 21:56:01 +0530
Processing by HomeController#home as TURBO_STREAM
  Rendering layout layouts/application.html.erb
  Rendering home/home.html.erb within layouts/application
  Rendered home/home.html.erb within layouts/application (Duration: 0.9ms | GC: 0.0ms)
  Rendered home/_header.html.erb (Duration: 0.0ms | GC: 0.0ms)
  Rendered layout layouts/application.html.erb (Duration: 3.0ms | GC: 0.5ms)
Completed 200 OK in 4ms (Views: 3.2ms | ActiveRecord: 0.0ms (0 queries, 0 cached) | GC: 0.5ms)


Started GET "/data" for 127.0.0.1 at 2024-08-30 21:56:02 +0530
Processing by HomeController#data as HTML
  Rendering layout layouts/application.html.erb
  Rendering home/data.html.erb within layouts/application
  Rendered home/data.html.erb within layouts/application (Duration: 1.0ms | GC: 0.0ms)
  Rendered home/_header.html.erb (Duration: 0.1ms | GC: 0.0ms)
  Rendered layout layouts/application.html.erb (Duration: 5.3ms | GC: 0.0ms)
Completed 200 OK in 8ms (Views: 6.0ms | ActiveRecord: 0.0ms (0 queries, 0 cached) | GC: 0.0ms)


Started GET "/data" for 127.0.0.1 at 2024-08-30 21:56:07 +0530
Processing by HomeController#data as HTML
  Rendering layout layouts/application.html.erb
  Rendering home/data.html.erb within layouts/application
  Rendered home/data.html.erb within layouts/application (Duration: 0.1ms | GC: 0.0ms)
  Rendered home/_header.html.erb (Duration: 0.0ms | GC: 0.0ms)
  Rendered layout layouts/application.html.erb (Duration: 4.3ms | GC: 0.0ms)
Completed 200 OK in 6ms (Views: 4.7ms | ActiveRecord: 0.0ms (0 queries, 0 cached) | GC: 0.0ms)


Started GET "/manifest.json" for 127.0.0.1 at 2024-08-30 21:56:07 +0530
Processing by Rails::PwaController#manifest as JSON
  Rendering pwa/manifest.json.erb
  Rendered pwa/manifest.json.erb (Duration: 0.4ms | GC: 0.0ms)
Completed 200 OK in 4ms (Views: 3.0ms | ActiveRecord: 0.0ms (0 queries, 0 cached) | GC: 0.0ms)


Started GET "/data" for 127.0.0.1 at 2024-08-30 21:56:07 +0530
Processing by HomeController#data as HTML
  Rendering layout layouts/application.html.erb
  Rendering home/data.html.erb within layouts/application
  Rendered home/data.html.erb within layouts/application (Duration: 0.2ms | GC: 0.0ms)
  Rendered home/_header.html.erb (Duration: 0.0ms | GC: 0.0ms)
  Rendered layout layouts/application.html.erb (Duration: 4.3ms | GC: 0.0ms)
Completed 200 OK in 6ms (Views: 5.0ms | ActiveRecord: 0.0ms (0 queries, 0 cached) | GC: 0.0ms)


Started GET "/manifest.json" for 127.0.0.1 at 2024-08-30 21:56:08 +0530
Processing by Rails::PwaController#manifest as JSON
  Rendering pwa/manifest.json.erb
  Rendered pwa/manifest.json.erb (Duration: 0.1ms | GC: 0.0ms)
Completed 200 OK in 1ms (Views: 0.4ms | ActiveRecord: 0.0ms (0 queries, 0 cached) | GC: 0.0ms)


Started GET "/" for 127.0.0.1 at 2024-08-30 22:03:32 +0530
  [1m[36mActiveRecord::SchemaMigration Load (0.1ms)[0m  [1m[34mSELECT "schema_migrations"."version" FROM "schema_migrations" ORDER BY "schema_migrations"."version" ASC[0m
Processing by HomeController#home as HTML
  Rendering layout layouts/application.html.erb
  Rendering home/home.html.erb within layouts/application
  Rendered home/home.html.erb within layouts/application (Duration: 4.2ms | GC: 0.0ms)
  Rendered home/_header.html.erb (Duration: 0.1ms | GC: 0.0ms)
  Rendered layout layouts/application.html.erb (Duration: 27.4ms | GC: 8.1ms)
Completed 200 OK in 33ms (Views: 28.8ms | ActiveRecord: 0.0ms (0 queries, 0 cached) | GC: 8.1ms)


Started GET "/" for 127.0.0.1 at 2024-08-30 22:03:33 +0530
Processing by HomeController#home as HTML
  Rendering layout layouts/application.html.erb
  Rendering home/home.html.erb within layouts/application
  Rendered home/home.html.erb within layouts/application (Duration: 1.1ms | GC: 0.0ms)
  Rendered home/_header.html.erb (Duration: 0.0ms | GC: 0.0ms)
  Rendered layout layouts/application.html.erb (Duration: 2.9ms | GC: 0.0ms)
Completed 200 OK in 4ms (Views: 3.2ms | ActiveRecord: 0.0ms (0 queries, 0 cached) | GC: 0.0ms)


Started GET "/manifest.json" for 127.0.0.1 at 2024-08-30 22:03:33 +0530
Processing by Rails::PwaController#manifest as JSON
  Rendering pwa/manifest.json.erb
  Rendered pwa/manifest.json.erb (Duration: 0.3ms | GC: 0.0ms)
Completed 200 OK in 2ms (Views: 1.4ms | ActiveRecord: 0.0ms (0 queries, 0 cached) | GC: 0.0ms)


Started POST "/upload" for 127.0.0.1 at 2024-08-30 22:03:39 +0530
Processing by HomeController#upload as TURBO_STREAM
  Parameters: {"authenticity_token"=>"[FILTERED]", "file"=>#<ActionDispatch::Http::UploadedFile:0x000000012b572548 @tempfile=#<Tempfile:/var/folders/_4/t5hccfm9733214w9sh8tl9q40000gn/T/RackMultipart20240830-30426-qb8utk.png>, @content_type="image/png", @original_filename="Screenshot 2024-08-30 at 21.55.42.png", @headers="Content-Disposition: form-data; name=\"file\"; filename=\"Screenshot 2024-08-30 at 21.55.42.png\"\r\nContent-Type: image/png\r\n">, "commit"=>"Upload"}
Upload action started
File successfully saved to /Users/nikhilkottoli/Desktop/SIH/public/uploads/Screenshot 2024-08-30 at 21.55.42.png
Running command: magick convert '/Users/nikhilkottoli/Desktop/SIH/public/uploads/Screenshot 2024-08-30 at 21.55.42.png' -fuzz 10% -fill none -draw 'color 0,0 floodfill' -density 300 -depth 8 -strip '/Users/nikhilkottoli/Desktop/SIH/public/uploads/output.tiff'
Convert command output: WARNING: The convert command is deprecated in IMv7, use "magick" instead of "convert" or "magick convert"


Running command: tesseract '/Users/nikhilkottoli/Desktop/SIH/public/uploads/output.tiff' '/Users/nikhilkottoli/Desktop/SIH/public/uploads/result' -l eng
Tesseract command output: 
Running filter script: /Users/nikhilkottoli/Desktop/SIH/venv/bin/python3 '/Users/nikhilkottoli/Desktop/SIH/public/uploads/filter.py'
Filter script output: English text has been extracted to 'english_output.txt'.

Running extract script: /Users/nikhilkottoli/Desktop/SIH/venv/bin/python3 '/Users/nikhilkottoli/Desktop/SIH/public/uploads/extract.py'
Extract script output: Output written to 'extracted_details.txt'

Running crop script: /Users/nikhilkottoli/Desktop/SIH/venv/bin/python3 '/Users/nikhilkottoli/Desktop/SIH/public/uploads/crop.py'
Crop script output: Content cleaned and written to '/Users/nikhilkottoli/Desktop/SIH/public/output.json'.

Both scripts ran successfully.
Upload action ended
Redirected to http://127.0.0.1:3000/
Completed 302 Found in 8082ms (ActiveRecord: 0.0ms (0 queries, 0 cached) | GC: 0.0ms)


Started GET "/" for 127.0.0.1 at 2024-08-30 22:03:47 +0530
Processing by HomeController#home as TURBO_STREAM
  Rendering layout layouts/application.html.erb
  Rendering home/home.html.erb within layouts/application
  Rendered home/home.html.erb within layouts/application (Duration: 0.9ms | GC: 0.0ms)
  Rendered home/_header.html.erb (Duration: 0.0ms | GC: 0.0ms)
  Rendered layout layouts/application.html.erb (Duration: 2.1ms | GC: 0.0ms)
Completed 200 OK in 3ms (Views: 2.4ms | ActiveRecord: 0.0ms (0 queries, 0 cached) | GC: 0.0ms)


Started GET "/data" for 127.0.0.1 at 2024-08-30 22:04:01 +0530
Processing by HomeController#data as HTML
  Rendering layout layouts/application.html.erb
  Rendering home/data.html.erb within layouts/application
  Rendered home/data.html.erb within layouts/application (Duration: 0.6ms | GC: 0.0ms)
  Rendered home/_header.html.erb (Duration: 0.0ms | GC: 0.0ms)
  Rendered layout layouts/application.html.erb (Duration: 4.4ms | GC: 0.0ms)
Completed 200 OK in 7ms (Views: 4.9ms | ActiveRecord: 0.0ms (0 queries, 0 cached) | GC: 0.0ms)


Started GET "/" for 127.0.0.1 at 2024-08-30 22:04:24 +0530
Processing by HomeController#home as HTML
  Rendering layout layouts/application.html.erb
  Rendering home/home.html.erb within layouts/application
  Rendered home/home.html.erb within layouts/application (Duration: 0.9ms | GC: 0.0ms)
  Rendered home/_header.html.erb (Duration: 0.0ms | GC: 0.0ms)
  Rendered layout layouts/application.html.erb (Duration: 2.4ms | GC: 0.0ms)
Completed 200 OK in 3ms (Views: 2.6ms | ActiveRecord: 0.0ms (0 queries, 0 cached) | GC: 0.0ms)


